   Compiling locus-sys v0.1.0 (/Users/victorbona/Code/OpenSource/locus/crates/locus-sys)
   Compiling locus-alloc v0.1.0 (/Users/victorbona/Code/OpenSource/locus/crates/locus-alloc)
    Finished `bench` profile [optimized] target(s) in 1.29s
     Running benches/kv_reuse_order_locality.rs (target/release/deps/kv_reuse_order_locality-176c4ec95d0019c7)
Gnuplot not found, using plotters backend
reuse_order_sample order=lifo touch=true allocated=4096 free=12288 allocation_count=8192 free_count=4096
Benchmarking kv_reuse_order_lifo_touch4k_64x16blk
Benchmarking kv_reuse_order_lifo_touch4k_64x16blk: Warming up for 1.0000 s
Benchmarking kv_reuse_order_lifo_touch4k_64x16blk: Collecting 20 samples in estimated 3.0046 s (35k iterations)
Benchmarking kv_reuse_order_lifo_touch4k_64x16blk: Analyzing
kv_reuse_order_lifo_touch4k_64x16blk
                        time:   [88.707 µs 92.233 µs 96.864 µs]

reuse_order_sample order=fifo touch=true allocated=4096 free=12288 allocation_count=8192 free_count=4096
Benchmarking kv_reuse_order_fifo_touch4k_64x16blk
Benchmarking kv_reuse_order_fifo_touch4k_64x16blk: Warming up for 1.0000 s
Benchmarking kv_reuse_order_fifo_touch4k_64x16blk: Collecting 20 samples in estimated 3.0038 s (29k iterations)
Benchmarking kv_reuse_order_fifo_touch4k_64x16blk: Analyzing
kv_reuse_order_fifo_touch4k_64x16blk
                        time:   [101.43 µs 102.53 µs 103.99 µs]
Found 4 outliers among 20 measurements (20.00%)
  1 (5.00%) low mild
  1 (5.00%) high mild
  2 (10.00%) high severe

reuse_order_sample order=lifo touch=false allocated=4096 free=12288 allocation_count=8192 free_count=4096
Benchmarking kv_reuse_order_lifo_notouch_64x16blk
Benchmarking kv_reuse_order_lifo_notouch_64x16blk: Warming up for 1.0000 s
Benchmarking kv_reuse_order_lifo_notouch_64x16blk: Collecting 20 samples in estimated 3.0007 s (704k iterations)
Benchmarking kv_reuse_order_lifo_notouch_64x16blk: Analyzing
kv_reuse_order_lifo_notouch_64x16blk
                        time:   [4.2707 µs 4.2898 µs 4.3045 µs]

reuse_order_sample order=fifo touch=false allocated=4096 free=12288 allocation_count=8192 free_count=4096
Benchmarking kv_reuse_order_fifo_notouch_64x16blk
Benchmarking kv_reuse_order_fifo_notouch_64x16blk: Warming up for 1.0000 s
Benchmarking kv_reuse_order_fifo_notouch_64x16blk: Collecting 20 samples in estimated 3.0009 s (652k iterations)
Benchmarking kv_reuse_order_fifo_notouch_64x16blk: Analyzing
kv_reuse_order_fifo_notouch_64x16blk
                        time:   [4.5789 µs 4.5835 µs 4.5887 µs]
Found 2 outliers among 20 measurements (10.00%)
  1 (5.00%) high mild
  1 (5.00%) high severe

