   Compiling locus-alloc v0.1.0 (/Users/victorbona/Code/OpenSource/locus/crates/locus-alloc)
    Finished `bench` profile [optimized] target(s) in 1.25s
     Running benches/kv_reuse_order_locality.rs (target/release/deps/kv_reuse_order_locality-176c4ec95d0019c7)
Gnuplot not found, using plotters backend
reuse_order_sample order=lifo touch=true allocated=4096 free=12288 allocation_count=8192 free_count=4096
Benchmarking kv_reuse_order_lifo_touch4k_64x16blk
Benchmarking kv_reuse_order_lifo_touch4k_64x16blk: Warming up for 1.0000 s
Benchmarking kv_reuse_order_lifo_touch4k_64x16blk: Collecting 20 samples in estimated 3.0129 s (26k iterations)
Benchmarking kv_reuse_order_lifo_touch4k_64x16blk: Analyzing
kv_reuse_order_lifo_touch4k_64x16blk
                        time:   [88.609 µs 93.230 µs 99.891 µs]
                        change: [+14.646% +20.200% +26.435%] (p = 0.00 < 0.05)
                        Performance has regressed.
Found 1 outliers among 20 measurements (5.00%)
  1 (5.00%) high mild

reuse_order_sample order=fifo touch=true allocated=4096 free=12288 allocation_count=8192 free_count=4096
Benchmarking kv_reuse_order_fifo_touch4k_64x16blk
Benchmarking kv_reuse_order_fifo_touch4k_64x16blk: Warming up for 1.0000 s
Benchmarking kv_reuse_order_fifo_touch4k_64x16blk: Collecting 20 samples in estimated 3.0187 s (31k iterations)
Benchmarking kv_reuse_order_fifo_touch4k_64x16blk: Analyzing
kv_reuse_order_fifo_touch4k_64x16blk
                        time:   [97.965 µs 98.658 µs 99.470 µs]
                        change: [-3.3055% -2.3983% -1.4754%] (p = 0.00 < 0.05)
                        Performance has improved.
Found 2 outliers among 20 measurements (10.00%)
  1 (5.00%) high mild
  1 (5.00%) high severe

reuse_order_sample order=lifo_mapped touch=true allocated=4096 free=12288 allocation_count=8192 free_count=4096
Benchmarking kv_reuse_order_lifo_mapped_touch4k_64x16blk
Benchmarking kv_reuse_order_lifo_mapped_touch4k_64x16blk: Warming up for 1.0000 s
Benchmarking kv_reuse_order_lifo_mapped_touch4k_64x16blk: Collecting 20 samples in estimated 3.0279 s (21k iterations)
Benchmarking kv_reuse_order_lifo_mapped_touch4k_64x16blk: Analyzing
kv_reuse_order_lifo_mapped_touch4k_64x16blk
                        time:   [113.36 µs 123.95 µs 139.66 µs]
Found 2 outliers among 20 measurements (10.00%)
  2 (10.00%) high mild

reuse_order_sample order=lifo touch=false allocated=4096 free=12288 allocation_count=8192 free_count=4096
Benchmarking kv_reuse_order_lifo_notouch_64x16blk
Benchmarking kv_reuse_order_lifo_notouch_64x16blk: Warming up for 1.0000 s
Benchmarking kv_reuse_order_lifo_notouch_64x16blk: Collecting 20 samples in estimated 3.0006 s (643k iterations)
Benchmarking kv_reuse_order_lifo_notouch_64x16blk: Analyzing
kv_reuse_order_lifo_notouch_64x16blk
                        time:   [4.3786 µs 4.3827 µs 4.3880 µs]
                        change: [+0.0987% +0.4261% +0.7590%] (p = 0.02 < 0.05)
                        Change within noise threshold.

reuse_order_sample order=fifo touch=false allocated=4096 free=12288 allocation_count=8192 free_count=4096
Benchmarking kv_reuse_order_fifo_notouch_64x16blk
Benchmarking kv_reuse_order_fifo_notouch_64x16blk: Warming up for 1.0000 s
Benchmarking kv_reuse_order_fifo_notouch_64x16blk: Collecting 20 samples in estimated 3.0004 s (637k iterations)
Benchmarking kv_reuse_order_fifo_notouch_64x16blk: Analyzing
kv_reuse_order_fifo_notouch_64x16blk
                        time:   [4.6928 µs 4.7004 µs 4.7088 µs]
                        change: [-7.9706% -3.4064% +0.4943%] (p = 0.14 > 0.05)
                        No change in performance detected.

reuse_order_sample order=lifo_mapped touch=false allocated=4096 free=12288 allocation_count=8192 free_count=4096
Benchmarking kv_reuse_order_lifo_mapped_notouch_64x16blk
Benchmarking kv_reuse_order_lifo_mapped_notouch_64x16blk: Warming up for 1.0000 s
Benchmarking kv_reuse_order_lifo_mapped_notouch_64x16blk: Collecting 20 samples in estimated 3.0006 s (683k iterations)
Benchmarking kv_reuse_order_lifo_mapped_notouch_64x16blk: Analyzing
kv_reuse_order_lifo_mapped_notouch_64x16blk
                        time:   [4.3744 µs 4.3789 µs 4.3839 µs]
Found 2 outliers among 20 measurements (10.00%)
  1 (5.00%) low severe
  1 (5.00%) low mild

