   Compiling locus-alloc v0.1.0 (/Users/victorbona/Code/OpenSource/locus/crates/locus-alloc)
warning: variable does not need to be mutable
   --> crates/locus-alloc/benches/remote_free_mixed_lifetime_trace.rs:222:17
    |
222 |             let mut blocks = if queues.chunk_pool_ops {
    |                 ----^^^^^^
    |                 |
    |                 help: remove this `mut`
    |
    = note: `#[warn(unused_mut)]` (part of `#[warn(unused)]`) on by default

warning: `locus-alloc` (bench "remote_free_mixed_lifetime_trace") generated 1 warning (run `cargo fix --bench "remote_free_mixed_lifetime_trace" -p locus-alloc` to apply 1 suggestion)
    Finished `bench` profile [optimized] target(s) in 1.52s
     Running benches/remote_free_mixed_lifetime_trace.rs (target/release/deps/remote_free_mixed_lifetime_trace-9bf52797e2c8751b)
Gnuplot not found, using plotters backend
mixed_lifetime_sample path=shared_per_handle traces=4 allocated=10752 freed=10752
Benchmarking kv_remote_free_mixed_lifetime_shared_per_handle_w4_64req
Benchmarking kv_remote_free_mixed_lifetime_shared_per_handle_w4_64req: Warming up for 1.0000 s
Benchmarking kv_remote_free_mixed_lifetime_shared_per_handle_w4_64req: Collecting 20 samples in estimated 3.0485 s (11k iterations)
Benchmarking kv_remote_free_mixed_lifetime_shared_per_handle_w4_64req: Analyzing
kv_remote_free_mixed_lifetime_shared_per_handle_w4_64req
                        time:   [282.58 µs 284.65 µs 287.41 µs]
                        change: [-1.5290% +0.9654% +3.9344%] (p = 0.49 > 0.05)
                        No change in performance detected.
Found 2 outliers among 20 measurements (10.00%)
  2 (10.00%) high severe

mixed_lifetime_sample path=sharded_chunk traces=4 allocated=10752 freed=10752
Benchmarking kv_remote_free_mixed_lifetime_sharded_chunk_w4_64req
Benchmarking kv_remote_free_mixed_lifetime_sharded_chunk_w4_64req: Warming up for 1.0000 s
Benchmarking kv_remote_free_mixed_lifetime_sharded_chunk_w4_64req: Collecting 20 samples in estimated 3.0020 s (32k iterations)
Benchmarking kv_remote_free_mixed_lifetime_sharded_chunk_w4_64req: Analyzing
kv_remote_free_mixed_lifetime_sharded_chunk_w4_64req
                        time:   [92.926 µs 93.225 µs 93.580 µs]
                        change: [+14.200% +15.128% +16.310%] (p = 0.00 < 0.05)
                        Performance has regressed.
Found 2 outliers among 20 measurements (10.00%)
  1 (5.00%) low severe
  1 (5.00%) high severe

mixed_lifetime_sample path=sharded_chunk_pool traces=4 allocated=10752 freed=10752
Benchmarking kv_remote_free_mixed_lifetime_sharded_chunk_pool_w4_64req
Benchmarking kv_remote_free_mixed_lifetime_sharded_chunk_pool_w4_64req: Warming up for 1.0000 s
Benchmarking kv_remote_free_mixed_lifetime_sharded_chunk_pool_w4_64req: Collecting 20 samples in estimated 3.0062 s (33k iterations)
Benchmarking kv_remote_free_mixed_lifetime_sharded_chunk_pool_w4_64req: Analyzing
kv_remote_free_mixed_lifetime_sharded_chunk_pool_w4_64req
                        time:   [89.731 µs 90.455 µs 91.137 µs]
Found 3 outliers among 20 measurements (15.00%)
  1 (5.00%) low mild
  1 (5.00%) high mild
  1 (5.00%) high severe

