   Compiling locus-alloc v0.1.0 (/Users/victorbona/Code/OpenSource/locus/crates/locus-alloc)
    Finished `bench` profile [optimized] target(s) in 0.76s
     Running benches/remote_free_mixed_lifetime_trace.rs (target/release/deps/remote_free_mixed_lifetime_trace-9bf52797e2c8751b)
Gnuplot not found, using plotters backend
mixed_lifetime_sample path=shared_per_handle traces=4 allocated=10752 freed=10752
Benchmarking kv_remote_free_mixed_lifetime_shared_per_handle_w4_64req
Benchmarking kv_remote_free_mixed_lifetime_shared_per_handle_w4_64req: Warming up for 1.0000 s
Benchmarking kv_remote_free_mixed_lifetime_shared_per_handle_w4_64req: Collecting 20 samples in estimated 3.0159 s (11k iterations)
Benchmarking kv_remote_free_mixed_lifetime_shared_per_handle_w4_64req: Analyzing
kv_remote_free_mixed_lifetime_shared_per_handle_w4_64req
                        time:   [280.82 µs 282.09 µs 283.49 µs]

mixed_lifetime_sample path=sharded_chunk traces=4 allocated=10752 freed=10752
Benchmarking kv_remote_free_mixed_lifetime_sharded_chunk_w4_64req
Benchmarking kv_remote_free_mixed_lifetime_sharded_chunk_w4_64req: Warming up for 1.0000 s
Benchmarking kv_remote_free_mixed_lifetime_sharded_chunk_w4_64req: Collecting 20 samples in estimated 3.0122 s (38k iterations)
Benchmarking kv_remote_free_mixed_lifetime_sharded_chunk_w4_64req: Analyzing
kv_remote_free_mixed_lifetime_sharded_chunk_w4_64req
                        time:   [79.743 µs 80.180 µs 80.715 µs]
Found 1 outliers among 20 measurements (5.00%)
  1 (5.00%) high mild

