    Finished `bench` profile [optimized] target(s) in 0.03s
     Running benches/remote_free_concurrent.rs (target/release/deps/remote_free_concurrent-b0260169d23f2544)
Gnuplot not found, using plotters backend
concurrent_sample producers=1 batch_limit=8 submitted=2048 drained=2048 pending=0 full=0 disconnected=0
Benchmarking kv_remote_free_concurrent_p1_batch8_256x4k
Benchmarking kv_remote_free_concurrent_p1_batch8_256x4k: Warming up for 1.0000 s
Benchmarking kv_remote_free_concurrent_p1_batch8_256x4k: Collecting 30 samples in estimated 2.0015 s (330k iterations)
Benchmarking kv_remote_free_concurrent_p1_batch8_256x4k: Analyzing
kv_remote_free_concurrent_p1_batch8_256x4k
                        time:   [5.7772 µs 5.8633 µs 5.9446 µs]
Found 3 outliers among 30 measurements (10.00%)
  1 (3.33%) low mild
  2 (6.67%) high mild

concurrent_sample producers=1 batch_limit=64 submitted=2048 drained=2048 pending=0 full=0 disconnected=0
Benchmarking kv_remote_free_concurrent_p1_batch64_256x4k
Benchmarking kv_remote_free_concurrent_p1_batch64_256x4k: Warming up for 1.0000 s
Benchmarking kv_remote_free_concurrent_p1_batch64_256x4k: Collecting 30 samples in estimated 2.0023 s (309k iterations)
Benchmarking kv_remote_free_concurrent_p1_batch64_256x4k: Analyzing
kv_remote_free_concurrent_p1_batch64_256x4k
                        time:   [6.2544 µs 6.5115 µs 6.8696 µs]
Found 3 outliers among 30 measurements (10.00%)
  1 (3.33%) low mild
  2 (6.67%) high severe

concurrent_sample producers=1 batch_limit=256 submitted=2048 drained=2048 pending=0 full=0 disconnected=0
Benchmarking kv_remote_free_concurrent_p1_batch256_256x4k
Benchmarking kv_remote_free_concurrent_p1_batch256_256x4k: Warming up for 1.0000 s
Benchmarking kv_remote_free_concurrent_p1_batch256_256x4k: Collecting 30 samples in estimated 2.0023 s (325k iterations)
Benchmarking kv_remote_free_concurrent_p1_batch256_256x4k: Analyzing
kv_remote_free_concurrent_p1_batch256_256x4k
                        time:   [7.3012 µs 12.189 µs 18.869 µs]
Found 5 outliers among 30 measurements (16.67%)
  2 (6.67%) high mild
  3 (10.00%) high severe

concurrent_sample producers=2 batch_limit=8 submitted=2048 drained=2048 pending=0 full=0 disconnected=0
Benchmarking kv_remote_free_concurrent_p2_batch8_256x4k
Benchmarking kv_remote_free_concurrent_p2_batch8_256x4k: Warming up for 1.0000 s
Benchmarking kv_remote_free_concurrent_p2_batch8_256x4k: Collecting 30 samples in estimated 2.0647 s (4185 iterations)
Benchmarking kv_remote_free_concurrent_p2_batch8_256x4k: Analyzing
kv_remote_free_concurrent_p2_batch8_256x4k
                        time:   [15.203 µs 25.216 µs 44.720 µs]
Found 7 outliers among 30 measurements (23.33%)
  7 (23.33%) high severe

concurrent_sample producers=2 batch_limit=64 submitted=2048 drained=2048 pending=0 full=0 disconnected=0
Benchmarking kv_remote_free_concurrent_p2_batch64_256x4k
Benchmarking kv_remote_free_concurrent_p2_batch64_256x4k: Warming up for 1.0000 s
Benchmarking kv_remote_free_concurrent_p2_batch64_256x4k: Collecting 30 samples in estimated 2.0000 s (181k iterations)
Benchmarking kv_remote_free_concurrent_p2_batch64_256x4k: Analyzing
kv_remote_free_concurrent_p2_batch64_256x4k
                        time:   [10.389 µs 10.772 µs 11.179 µs]

concurrent_sample producers=2 batch_limit=256 submitted=2048 drained=2048 pending=0 full=0 disconnected=0
Benchmarking kv_remote_free_concurrent_p2_batch256_256x4k
Benchmarking kv_remote_free_concurrent_p2_batch256_256x4k: Warming up for 1.0000 s
Benchmarking kv_remote_free_concurrent_p2_batch256_256x4k: Collecting 30 samples in estimated 2.0047 s (187k iterations)
Benchmarking kv_remote_free_concurrent_p2_batch256_256x4k: Analyzing
kv_remote_free_concurrent_p2_batch256_256x4k
                        time:   [11.122 µs 14.607 µs 19.641 µs]
Found 2 outliers among 30 measurements (6.67%)
  2 (6.67%) high severe

concurrent_sample producers=4 batch_limit=8 submitted=2048 drained=2048 pending=0 full=0 disconnected=0
Benchmarking kv_remote_free_concurrent_p4_batch8_256x4k
Benchmarking kv_remote_free_concurrent_p4_batch8_256x4k: Warming up for 1.0000 s
Benchmarking kv_remote_free_concurrent_p4_batch8_256x4k: Collecting 30 samples in estimated 2.0086 s (88k iterations)
Benchmarking kv_remote_free_concurrent_p4_batch8_256x4k: Analyzing
kv_remote_free_concurrent_p4_batch8_256x4k
                        time:   [23.298 µs 33.924 µs 52.889 µs]
Found 1 outliers among 30 measurements (3.33%)
  1 (3.33%) high severe

concurrent_sample producers=4 batch_limit=64 submitted=2048 drained=2048 pending=0 full=0 disconnected=0
Benchmarking kv_remote_free_concurrent_p4_batch64_256x4k
Benchmarking kv_remote_free_concurrent_p4_batch64_256x4k: Warming up for 1.0000 s
Benchmarking kv_remote_free_concurrent_p4_batch64_256x4k: Collecting 30 samples in estimated 2.0025 s (59k iterations)
Benchmarking kv_remote_free_concurrent_p4_batch64_256x4k: Analyzing
kv_remote_free_concurrent_p4_batch64_256x4k
                        time:   [23.617 µs 24.156 µs 24.791 µs]

concurrent_sample producers=4 batch_limit=256 submitted=2048 drained=2048 pending=0 full=0 disconnected=0
Benchmarking kv_remote_free_concurrent_p4_batch256_256x4k
Benchmarking kv_remote_free_concurrent_p4_batch256_256x4k: Warming up for 1.0000 s
Benchmarking kv_remote_free_concurrent_p4_batch256_256x4k: Collecting 30 samples in estimated 2.0107 s (79k iterations)
Benchmarking kv_remote_free_concurrent_p4_batch256_256x4k: Analyzing
kv_remote_free_concurrent_p4_batch256_256x4k
                        time:   [21.017 µs 21.189 µs 21.405 µs]
Found 4 outliers among 30 measurements (13.33%)
  2 (6.67%) high mild
  2 (6.67%) high severe

