    Finished `bench` profile [optimized] target(s) in 0.05s
     Running benches/remote_free_concurrent.rs (target/release/deps/remote_free_concurrent-b0260169d23f2544)
Gnuplot not found, using plotters backend
concurrent_sample producers=1 batch_limit=8 submitted=2048 drained=2048 pending=0 full=0 disconnected=0
Benchmarking kv_remote_free_concurrent_p1_batch8_256x4k
Benchmarking kv_remote_free_concurrent_p1_batch8_256x4k: Warming up for 1.0000 s
Benchmarking kv_remote_free_concurrent_p1_batch8_256x4k: Collecting 30 samples in estimated 2.0005 s (365k iterations)
Benchmarking kv_remote_free_concurrent_p1_batch8_256x4k: Analyzing
kv_remote_free_concurrent_p1_batch8_256x4k
                        time:   [5.2101 µs 5.2730 µs 5.3343 µs]
                        change: [-12.749% -10.906% -8.9747%] (p = 0.00 < 0.05)
                        Performance has improved.
Found 2 outliers among 30 measurements (6.67%)
  1 (3.33%) low mild
  1 (3.33%) high mild

concurrent_sample producers=1 batch_limit=64 submitted=2048 drained=2048 pending=0 full=0 disconnected=0
Benchmarking kv_remote_free_concurrent_p1_batch64_256x4k
Benchmarking kv_remote_free_concurrent_p1_batch64_256x4k: Warming up for 1.0000 s
Benchmarking kv_remote_free_concurrent_p1_batch64_256x4k: Collecting 30 samples in estimated 2.0010 s (339k iterations)
Benchmarking kv_remote_free_concurrent_p1_batch64_256x4k: Analyzing
kv_remote_free_concurrent_p1_batch64_256x4k
                        time:   [6.0058 µs 7.0924 µs 8.7463 µs]
                        change: [+2.4535% +26.327% +58.340%] (p = 0.08 > 0.05)
                        No change in performance detected.
Found 3 outliers among 30 measurements (10.00%)
  2 (6.67%) high mild
  1 (3.33%) high severe

concurrent_sample producers=1 batch_limit=256 submitted=2048 drained=2048 pending=0 full=0 disconnected=0
Benchmarking kv_remote_free_concurrent_p1_batch256_256x4k
Benchmarking kv_remote_free_concurrent_p1_batch256_256x4k: Warming up for 1.0000 s
Benchmarking kv_remote_free_concurrent_p1_batch256_256x4k: Collecting 30 samples in estimated 2.0014 s (363k iterations)
Benchmarking kv_remote_free_concurrent_p1_batch256_256x4k: Analyzing
kv_remote_free_concurrent_p1_batch256_256x4k
                        time:   [5.2502 µs 5.3204 µs 5.3943 µs]
                        change: [-53.497% -37.056% -18.743%] (p = 0.00 < 0.05)
                        Performance has improved.
Found 1 outliers among 30 measurements (3.33%)
  1 (3.33%) high severe

concurrent_sample producers=2 batch_limit=8 submitted=2048 drained=2048 pending=0 full=0 disconnected=0
Benchmarking kv_remote_free_concurrent_p2_batch8_256x4k
Benchmarking kv_remote_free_concurrent_p2_batch8_256x4k: Warming up for 1.0000 s
Benchmarking kv_remote_free_concurrent_p2_batch8_256x4k: Collecting 30 samples in estimated 2.0027 s (212k iterations)
Benchmarking kv_remote_free_concurrent_p2_batch8_256x4k: Analyzing
kv_remote_free_concurrent_p2_batch8_256x4k
                        time:   [9.4561 µs 9.5425 µs 9.6382 µs]
                        change: [-96.679% -93.338% -74.862%] (p = 0.02 < 0.05)
                        Performance has improved.
Found 1 outliers among 30 measurements (3.33%)
  1 (3.33%) low mild

concurrent_sample producers=2 batch_limit=64 submitted=2048 drained=2048 pending=0 full=0 disconnected=0
Benchmarking kv_remote_free_concurrent_p2_batch64_256x4k
Benchmarking kv_remote_free_concurrent_p2_batch64_256x4k: Warming up for 1.0000 s
Benchmarking kv_remote_free_concurrent_p2_batch64_256x4k: Collecting 30 samples in estimated 2.0014 s (176k iterations)
Benchmarking kv_remote_free_concurrent_p2_batch64_256x4k: Analyzing
kv_remote_free_concurrent_p2_batch64_256x4k
                        time:   [10.942 µs 14.075 µs 18.663 µs]
                        change: [+9.4586% +42.546% +91.149%] (p = 0.03 < 0.05)
                        Performance has regressed.
Found 5 outliers among 30 measurements (16.67%)
  1 (3.33%) high mild
  4 (13.33%) high severe

concurrent_sample producers=2 batch_limit=256 submitted=2048 drained=2048 pending=0 full=0 disconnected=0
Benchmarking kv_remote_free_concurrent_p2_batch256_256x4k
Benchmarking kv_remote_free_concurrent_p2_batch256_256x4k: Warming up for 1.0000 s
Benchmarking kv_remote_free_concurrent_p2_batch256_256x4k: Collecting 30 samples in estimated 2.0015 s (193k iterations)
Benchmarking kv_remote_free_concurrent_p2_batch256_256x4k: Analyzing
kv_remote_free_concurrent_p2_batch256_256x4k
                        time:   [9.5403 µs 9.6734 µs 9.8058 µs]
                        change: [-39.037% -23.532% -5.6240%] (p = 0.02 < 0.05)
                        Performance has improved.
Found 1 outliers among 30 measurements (3.33%)
  1 (3.33%) high mild

concurrent_sample producers=4 batch_limit=8 submitted=2048 drained=2048 pending=0 full=0 disconnected=0
Benchmarking kv_remote_free_concurrent_p4_batch8_256x4k
Benchmarking kv_remote_free_concurrent_p4_batch8_256x4k: Warming up for 1.0000 s
Benchmarking kv_remote_free_concurrent_p4_batch8_256x4k: Collecting 30 samples in estimated 2.0024 s (83k iterations)
Benchmarking kv_remote_free_concurrent_p4_batch8_256x4k: Analyzing
kv_remote_free_concurrent_p4_batch8_256x4k
                        time:   [23.244 µs 23.487 µs 23.772 µs]
                        change: [-34.660% -14.382% +4.1732%] (p = 0.40 > 0.05)
                        No change in performance detected.
Found 2 outliers among 30 measurements (6.67%)
  2 (6.67%) high mild

concurrent_sample producers=4 batch_limit=64 submitted=2048 drained=2048 pending=0 full=0 disconnected=0
Benchmarking kv_remote_free_concurrent_p4_batch64_256x4k
Benchmarking kv_remote_free_concurrent_p4_batch64_256x4k: Warming up for 1.0000 s
Benchmarking kv_remote_free_concurrent_p4_batch64_256x4k: Collecting 30 samples in estimated 2.0029 s (80k iterations)
Benchmarking kv_remote_free_concurrent_p4_batch64_256x4k: Analyzing
kv_remote_free_concurrent_p4_batch64_256x4k
                        time:   [20.943 µs 21.211 µs 21.518 µs]
                        change: [-19.670% -16.551% -13.313%] (p = 0.00 < 0.05)
                        Performance has improved.
Found 1 outliers among 30 measurements (3.33%)
  1 (3.33%) high severe

concurrent_sample producers=4 batch_limit=256 submitted=2048 drained=2048 pending=0 full=0 disconnected=0
Benchmarking kv_remote_free_concurrent_p4_batch256_256x4k
Benchmarking kv_remote_free_concurrent_p4_batch256_256x4k: Warming up for 1.0000 s
Benchmarking kv_remote_free_concurrent_p4_batch256_256x4k: Collecting 30 samples in estimated 2.0075 s (94k iterations)
Benchmarking kv_remote_free_concurrent_p4_batch256_256x4k: Analyzing
kv_remote_free_concurrent_p4_batch256_256x4k
                        time:   [20.931 µs 21.100 µs 21.273 µs]
                        change: [-3.7018% -1.9605% -0.4418%] (p = 0.02 < 0.05)
                        Change within noise threshold.

