    Finished `bench` profile [optimized] target(s) in 0.06s
     Running benches/remote_free_sharded.rs (target/release/deps/remote_free_sharded-799a249d0c6e21ef)
Gnuplot not found, using plotters backend
sharded_sample mode=shared producers=2 queue=0 submitted=2048 drained=2048 pending=0 full=0 disconnected=0
Benchmarking kv_remote_free_shared_p2_batch64_256x4k
Benchmarking kv_remote_free_shared_p2_batch64_256x4k: Warming up for 1.0000 s
Benchmarking kv_remote_free_shared_p2_batch64_256x4k: Collecting 30 samples in estimated 2.0033 s (203k iterations)
Benchmarking kv_remote_free_shared_p2_batch64_256x4k: Analyzing
kv_remote_free_shared_p2_batch64_256x4k
                        time:   [9.7161 µs 9.8063 µs 9.8894 µs]
                        change: [-4.3924% -2.3916% -0.4416%] (p = 0.02 < 0.05)
                        Change within noise threshold.

sharded_sample mode=sharded producers=2 queue=0 submitted=1024 drained=1024 pending=0 full=0 disconnected=0
sharded_sample mode=sharded producers=2 queue=1 submitted=1024 drained=1024 pending=0 full=0 disconnected=0
Benchmarking kv_remote_free_sharded_p2_batch64_256x4k
Benchmarking kv_remote_free_sharded_p2_batch64_256x4k: Warming up for 1.0000 s
Benchmarking kv_remote_free_sharded_p2_batch64_256x4k: Collecting 30 samples in estimated 2.0020 s (216k iterations)
Benchmarking kv_remote_free_sharded_p2_batch64_256x4k: Analyzing
kv_remote_free_sharded_p2_batch64_256x4k
                        time:   [9.1896 µs 9.2443 µs 9.3012 µs]
                        change: [-1.3164% -0.3963% +0.5485%] (p = 0.39 > 0.05)
                        No change in performance detected.
Found 1 outliers among 30 measurements (3.33%)
  1 (3.33%) high mild

sharded_sample mode=shared producers=4 queue=0 submitted=2048 drained=2048 pending=0 full=0 disconnected=0
Benchmarking kv_remote_free_shared_p4_batch64_256x4k
Benchmarking kv_remote_free_shared_p4_batch64_256x4k: Warming up for 1.0000 s
Benchmarking kv_remote_free_shared_p4_batch64_256x4k: Collecting 30 samples in estimated 2.0011 s (95k iterations)
Benchmarking kv_remote_free_shared_p4_batch64_256x4k: Analyzing
kv_remote_free_shared_p4_batch64_256x4k
                        time:   [20.448 µs 20.631 µs 20.883 µs]
                        change: [-3.2606% -2.0861% -0.9055%] (p = 0.00 < 0.05)
                        Change within noise threshold.
Found 2 outliers among 30 measurements (6.67%)
  1 (3.33%) low mild
  1 (3.33%) high severe

sharded_sample mode=sharded producers=4 queue=0 submitted=512 drained=512 pending=0 full=0 disconnected=0
sharded_sample mode=sharded producers=4 queue=1 submitted=512 drained=512 pending=0 full=0 disconnected=0
sharded_sample mode=sharded producers=4 queue=2 submitted=512 drained=512 pending=0 full=0 disconnected=0
sharded_sample mode=sharded producers=4 queue=3 submitted=512 drained=512 pending=0 full=0 disconnected=0
Benchmarking kv_remote_free_sharded_p4_batch64_256x4k
Benchmarking kv_remote_free_sharded_p4_batch64_256x4k: Warming up for 1.0000 s
Benchmarking kv_remote_free_sharded_p4_batch64_256x4k: Collecting 30 samples in estimated 2.0052 s (153k iterations)
Benchmarking kv_remote_free_sharded_p4_batch64_256x4k: Analyzing
kv_remote_free_sharded_p4_batch64_256x4k
                        time:   [12.569 µs 12.769 µs 13.059 µs]
                        change: [-1.7531% +0.2126% +2.4058%] (p = 0.87 > 0.05)
                        No change in performance detected.
Found 2 outliers among 30 measurements (6.67%)
  2 (6.67%) high severe

