   Compiling locus-alloc v0.1.0 (/Users/victorbona/Code/OpenSource/locus/crates/locus-alloc)
    Finished `bench` profile [optimized] target(s) in 1.04s
     Running benches/remote_free_sharded.rs (target/release/deps/remote_free_sharded-799a249d0c6e21ef)
Gnuplot not found, using plotters backend
sharded_sample mode=shared producers=2 queue=0 submitted=2048 drained=2048 pending=0 full=0 disconnected=0
Benchmarking kv_remote_free_shared_p2_batch64_256x4k
Benchmarking kv_remote_free_shared_p2_batch64_256x4k: Warming up for 1.0000 s
Benchmarking kv_remote_free_shared_p2_batch64_256x4k: Collecting 30 samples in estimated 2.0032 s (201k iterations)
Benchmarking kv_remote_free_shared_p2_batch64_256x4k: Analyzing
kv_remote_free_shared_p2_batch64_256x4k
                        time:   [9.8325 µs 9.9257 µs 10.016 µs]
Found 1 outliers among 30 measurements (3.33%)
  1 (3.33%) high mild

sharded_sample mode=sharded producers=2 queue=0 submitted=1024 drained=1024 pending=0 full=0 disconnected=0
sharded_sample mode=sharded producers=2 queue=1 submitted=1024 drained=1024 pending=0 full=0 disconnected=0
Benchmarking kv_remote_free_sharded_p2_batch64_256x4k
Benchmarking kv_remote_free_sharded_p2_batch64_256x4k: Warming up for 1.0000 s
Benchmarking kv_remote_free_sharded_p2_batch64_256x4k: Collecting 30 samples in estimated 2.0011 s (217k iterations)
Benchmarking kv_remote_free_sharded_p2_batch64_256x4k: Analyzing
kv_remote_free_sharded_p2_batch64_256x4k
                        time:   [9.1949 µs 9.2911 µs 9.3900 µs]
Found 2 outliers among 30 measurements (6.67%)
  2 (6.67%) low mild

sharded_sample mode=shared producers=4 queue=0 submitted=2048 drained=2048 pending=0 full=0 disconnected=0
Benchmarking kv_remote_free_shared_p4_batch64_256x4k
Benchmarking kv_remote_free_shared_p4_batch64_256x4k: Warming up for 1.0000 s
Benchmarking kv_remote_free_shared_p4_batch64_256x4k: Collecting 30 samples in estimated 2.0061 s (96k iterations)
Benchmarking kv_remote_free_shared_p4_batch64_256x4k: Analyzing
kv_remote_free_shared_p4_batch64_256x4k
                        time:   [20.698 µs 20.928 µs 21.213 µs]
Found 1 outliers among 30 measurements (3.33%)
  1 (3.33%) high mild

sharded_sample mode=sharded producers=4 queue=0 submitted=512 drained=512 pending=0 full=0 disconnected=0
sharded_sample mode=sharded producers=4 queue=1 submitted=512 drained=512 pending=0 full=0 disconnected=0
sharded_sample mode=sharded producers=4 queue=2 submitted=512 drained=512 pending=0 full=0 disconnected=0
sharded_sample mode=sharded producers=4 queue=3 submitted=512 drained=512 pending=0 full=0 disconnected=0
Benchmarking kv_remote_free_sharded_p4_batch64_256x4k
Benchmarking kv_remote_free_sharded_p4_batch64_256x4k: Warming up for 1.0000 s
Benchmarking kv_remote_free_sharded_p4_batch64_256x4k: Collecting 30 samples in estimated 2.0055 s (156k iterations)
Benchmarking kv_remote_free_sharded_p4_batch64_256x4k: Analyzing
kv_remote_free_sharded_p4_batch64_256x4k
                        time:   [12.712 µs 12.808 µs 12.899 µs]
Found 1 outliers among 30 measurements (3.33%)
  1 (3.33%) high mild

